Using pre-set license
Built from '2020.2/release' branch; Version is '2020.2.1f1 (270dd8c3da1c) revision 2559448'; Using compiler version '192528614'; Build Type 'Release'
OS: 'Windows 10  (10.0.0) 64bit' Language: 'en' Physical Memory: 8058 MB
BatchMode: 1, IsHumanControllingUs: 0, StartBugReporterOnCrash: 0, Is64bit: 1, IsPro: 0

 COMMAND LINE ARGUMENTS:
C:\Program Files\Unity\Hub\Editor\2020.2.1f1\Editor\Unity.exe
-adb2
-batchMode
-noUpm
-name
AssetImportWorker0
-projectPath
C:/Users/tomer/Desktop/Studies/Year 3/Game Jam/Jam3_IntoTheAbyss
-logFile
Logs/AssetImportWorker0.log
-srvPort
54660
Successfully changed project path to: C:/Users/tomer/Desktop/Studies/Year 3/Game Jam/Jam3_IntoTheAbyss
C:/Users/tomer/Desktop/Studies/Year 3/Game Jam/Jam3_IntoTheAbyss
Using Asset Import Pipeline V2.
Refreshing native plugins compatible for Editor in 298.71 ms, found 1 plugins.
Preloading 0 native plugins for Editor in 0.00 ms.
Initialize engine version: 2020.2.1f1 (270dd8c3da1c)
[Subsystems] Discovering subsystems at path C:/Program Files/Unity/Hub/Editor/2020.2.1f1/Editor/Data/Resources/UnitySubsystems
[Subsystems] Discovering subsystems at path C:/Users/tomer/Desktop/Studies/Year 3/Game Jam/Jam3_IntoTheAbyss/Assets
GfxDevice: creating device client; threaded=0
Direct3D:
    Version:  Direct3D 11.0 [level 11.0]
    Renderer: NVIDIA GeForce 940MX (ID=0x134d)
    Vendor:   
    VRAM:     2010 MB
    Driver:   26.21.14.4187
Initialize mono
Mono path[0] = 'C:/Program Files/Unity/Hub/Editor/2020.2.1f1/Editor/Data/Managed'
Mono path[1] = 'C:/Program Files/Unity/Hub/Editor/2020.2.1f1/Editor/Data/MonoBleedingEdge/lib/mono/unityjit'
Mono config path = 'C:/Program Files/Unity/Hub/Editor/2020.2.1f1/Editor/Data/MonoBleedingEdge/etc'
Using monoOptions --debugger-agent=transport=dt_socket,embedding=1,server=y,suspend=n,address=127.0.0.1:56584
Begin MonoManager ReloadAssembly
Registering precompiled unity dll's ...
Register platform support module: C:/Program Files/Unity/Hub/Editor/2020.2.1f1/Editor/Data/PlaybackEngines/WebGLSupport/UnityEditor.WebGL.Extensions.dll
Register platform support module: C:/Program Files/Unity/Hub/Editor/2020.2.1f1/Editor/Data/PlaybackEngines/MacStandaloneSupport/UnityEditor.OSXStandalone.Extensions.dll
Register platform support module: C:/Program Files/Unity/Hub/Editor/2020.2.1f1/Editor/Data/PlaybackEngines/WindowsStandaloneSupport/UnityEditor.WindowsStandalone.Extensions.dll
Register platform support module: C:/Program Files/Unity/Hub/Editor/2020.2.1f1/Editor/Data/PlaybackEngines/LinuxStandaloneSupport/UnityEditor.LinuxStandalone.Extensions.dll
Registered in 0.008338 seconds.
Native extension for LinuxStandalone target not found
Native extension for WindowsStandalone target not found
Native extension for OSXStandalone target not found
Native extension for WebGL target not found
Refreshing native plugins compatible for Editor in 284.78 ms, found 1 plugins.
Preloading 0 native plugins for Editor in 0.00 ms.
Invoked RoslynAnalysisRunner static constructor.
RoslynAnalysisRunner will not be running.
RoslynAnalysisRunner has terminated.
Mono: successfully reloaded assembly
- Completed reload, in 12.024 seconds
Platform modules already initialized, skipping
Registering precompiled user dll's ...
Registered in 0.073043 seconds.
Begin MonoManager ReloadAssembly
Native extension for LinuxStandalone target not found
Native extension for WindowsStandalone target not found
Native extension for OSXStandalone target not found
Native extension for WebGL target not found
Refreshing native plugins compatible for Editor in 76.60 ms, found 1 plugins.
Preloading 0 native plugins for Editor in 0.00 ms.
Invoked RoslynAnalysisRunner static constructor.
RoslynAnalysisRunner will not be running.
RoslynAnalysisRunner has terminated.
Mono: successfully reloaded assembly
- Completed reload, in  2.510 seconds
Platform modules already initialized, skipping
========================================================================
Worker process is ready to serve import requests
Launched and connected shader compiler UnityShaderCompiler.exe after 0.20 seconds
Refreshing native plugins compatible for Editor in 0.83 ms, found 1 plugins.
Preloading 0 native plugins for Editor in 0.00 ms.
Unloading 1775 Unused Serialized files (Serialized files now loaded: 0)
System memory in use before: 83.9 MB.
System memory in use after: 84.0 MB.

Unloading 19 unused Assets to reduce memory usage. Loaded Objects now: 2223.
Total: 3.704500 ms (FindLiveObjects: 0.536800 ms CreateObjectMapping: 0.195700 ms MarkObjects: 2.886800 ms  DeleteObjects: 0.082300 ms)

========================================================================
Received Import Request.
  path: Assets/New Material.mat
  artifactKey: Guid(15babc2ce320cf142ad184a2609b6156) Importer(815301076,1909f56bfc062723c751e8b465ee728b)
Start importing Assets/New Material.mat using Guid(15babc2ce320cf142ad184a2609b6156) Importer(815301076,1909f56bfc062723c751e8b465ee728b)  -> (artifact id: '25c4d2002eef6f9ecdee0d47a1f4f9b9') in 1.070912 seconds
  Import took 1.078171 seconds .

========================================================================
Received Import Request.
  Time since last request: 0.000612 seconds.
  path: Assets/_ntitled 1.fbx
  artifactKey: Guid(25525afd25e6a934fabeabf0d5a7cff1) Importer(815301076,1909f56bfc062723c751e8b465ee728b)
Start importing Assets/_ntitled 1.fbx using Guid(25525afd25e6a934fabeabf0d5a7cff1) Importer(815301076,1909f56bfc062723c751e8b465ee728b)  -> (artifact id: '535798523efad252a80801f66cad69e4') in 1.376653 seconds
  Import took 1.383347 seconds .

========================================================================
Received Import Request.
  Time since last request: 0.000546 seconds.
  path: Assets/skybox.mat
  artifactKey: Guid(a0b80567e1d47084abe200916ac4c4f7) Importer(815301076,1909f56bfc062723c751e8b465ee728b)
Start importing Assets/skybox.mat using Guid(a0b80567e1d47084abe200916ac4c4f7) Importer(815301076,1909f56bfc062723c751e8b465ee728b)  -> (artifact id: '9620ea75648965a1a1c467cfb703c8fb') in 0.619429 seconds
  Import took 0.627386 seconds .

========================================================================
Received Import Request.
  Time since last request: 0.001163 seconds.
  path: Assets/Square.png
  artifactKey: Guid(615edb7c3b0f03141ad501d6f7eafb4b) Importer(815301076,1909f56bfc062723c751e8b465ee728b)
Start importing Assets/Square.png using Guid(615edb7c3b0f03141ad501d6f7eafb4b) Importer(815301076,1909f56bfc062723c751e8b465ee728b)  -> (artifact id: '444619de9f2a5e0c578029d37b8ab7e3') in 0.065516 seconds
  Import took 0.074385 seconds .

========================================================================
Received Import Request.
  Time since last request: 5.971496 seconds.
  path: Assets/Scenes 1
  artifactKey: Guid(5e9ac84752741b2488108f56c1af91b6) Importer(815301076,1909f56bfc062723c751e8b465ee728b)
Start importing Assets/Scenes 1 using Guid(5e9ac84752741b2488108f56c1af91b6) Importer(815301076,1909f56bfc062723c751e8b465ee728b)  -> (artifact id: '8bed8dee8d4272d57c3d40c43fa63756') in 0.009114 seconds
  Import took 0.057793 seconds .

========================================================================
Received Import Request.
  Time since last request: 1.373909 seconds.
  path: Assets/Scenes 1/SampleScene.unity
  artifactKey: Guid(9fc0d4010bbf28b4594072e72b8655ab) Importer(815301076,1909f56bfc062723c751e8b465ee728b)
Start importing Assets/Scenes 1/SampleScene.unity using Guid(9fc0d4010bbf28b4594072e72b8655ab) Importer(815301076,1909f56bfc062723c751e8b465ee728b)  -> (artifact id: '1ca184b363c21a1c930a77fe804593f0') in 0.010027 seconds
  Import took 0.019071 seconds .

========================================================================
Received Import Request.
  Time since last request: 170.638392 seconds.
  path: Assets/pipe
  artifactKey: Guid(8c9c6e62c626fd1468b7e1ccab441994) Importer(815301076,1909f56bfc062723c751e8b465ee728b)
Start importing Assets/pipe using Guid(8c9c6e62c626fd1468b7e1ccab441994) Importer(815301076,1909f56bfc062723c751e8b465ee728b)  -> (artifact id: 'c2c35d042752227a11d20fe4c9541d8a') in 0.010268 seconds
  Import took 0.019302 seconds .

========================================================================
Received Import Request.
  Time since last request: 0.088383 seconds.
  path: Assets/pipe/_ntitled 5.fbx
  artifactKey: Guid(4bdd12851c224bb4380fdbad9f558dc4) Importer(815301076,1909f56bfc062723c751e8b465ee728b)
Start importing Assets/pipe/_ntitled 5.fbx using Guid(4bdd12851c224bb4380fdbad9f558dc4) Importer(815301076,1909f56bfc062723c751e8b465ee728b)  -> (artifact id: 'dc9944050c70b2623dac59d1be4534b3') in 0.043140 seconds
  Import took 0.048375 seconds .

========================================================================
Received Import Request.
  Time since last request: 0.000525 seconds.
  path: Assets/pipe/DefaultMaterial_Metallic.png
  artifactKey: Guid(20e57e9de8e2d084bafa9d953246380a) Importer(815301076,1909f56bfc062723c751e8b465ee728b)
Start importing Assets/pipe/DefaultMaterial_Metallic.png using Guid(20e57e9de8e2d084bafa9d953246380a) Importer(815301076,1909f56bfc062723c751e8b465ee728b)  -> (artifact id: '7a8cbfe89adab0366f23bf632753542b') in 0.054030 seconds
  Import took 0.058956 seconds .

========================================================================
Received Import Request.
  Time since last request: 0.000551 seconds.
  path: Assets/pipe/DefaultMaterial_Height.png
  artifactKey: Guid(5a8ffe6ae343bd148b07cfafc6cd77fa) Importer(815301076,1909f56bfc062723c751e8b465ee728b)
Start importing Assets/pipe/DefaultMaterial_Height.png using Guid(5a8ffe6ae343bd148b07cfafc6cd77fa) Importer(815301076,1909f56bfc062723c751e8b465ee728b)  -> (artifact id: 'b9c86a543cfb53aebb7746b5cf519d60') in 0.027419 seconds
  Import took 0.034029 seconds .

========================================================================
Received Import Request.
  Time since last request: 0.000627 seconds.
  path: Assets/pipe/DefaultMaterial_Normal_OpenGL.png
  artifactKey: Guid(4110a098f5a82d343b69b4c66289f463) Importer(815301076,1909f56bfc062723c751e8b465ee728b)
Start importing Assets/pipe/DefaultMaterial_Normal_OpenGL.png using Guid(4110a098f5a82d343b69b4c66289f463) Importer(815301076,1909f56bfc062723c751e8b465ee728b)  -> (artifact id: '26344d06c626fddff0ef2425137d75ef') in 0.022925 seconds
  Import took 0.029491 seconds .

========================================================================
Received Import Request.
  Time since last request: 0.000698 seconds.
  path: Assets/pipe/DefaultMaterial_Normal.png
  artifactKey: Guid(7dad9679e0fad1f4ca80edef13a686f1) Importer(815301076,1909f56bfc062723c751e8b465ee728b)
Start importing Assets/pipe/DefaultMaterial_Normal.png using Guid(7dad9679e0fad1f4ca80edef13a686f1) Importer(815301076,1909f56bfc062723c751e8b465ee728b)  -> (artifact id: '2529e4af8a56bfb208979806b3ab02cf') in 0.033428 seconds
  Import took 0.040513 seconds .

========================================================================
Received Import Request.
  Time since last request: 0.000618 seconds.
  path: Assets/pipe/DefaultMaterial_Base_Color.png
  artifactKey: Guid(ba7c52d6e0793aa478e75c66d3ea4490) Importer(815301076,1909f56bfc062723c751e8b465ee728b)
Start importing Assets/pipe/DefaultMaterial_Base_Color.png using Guid(ba7c52d6e0793aa478e75c66d3ea4490) Importer(815301076,1909f56bfc062723c751e8b465ee728b)  -> (artifact id: '09b81d55ae88d08b932d216db8935ee6') in 0.022679 seconds
  Import took 0.028515 seconds .

========================================================================
Received Import Request.
  Time since last request: 0.000579 seconds.
  path: Assets/pipe/New Material 1.mat
  artifactKey: Guid(d4965d8dc45e18d44aa34e1dd4b890dd) Importer(815301076,1909f56bfc062723c751e8b465ee728b)
Start importing Assets/pipe/New Material 1.mat using Guid(d4965d8dc45e18d44aa34e1dd4b890dd) Importer(815301076,1909f56bfc062723c751e8b465ee728b)  -> (artifact id: '012e44fab99d123a3b750451c8b96a2d') in 0.158321 seconds
  Import took 0.165045 seconds .

========================================================================
Received Import Request.
  Time since last request: 0.000470 seconds.
  path: Assets/pipe/DefaultMaterial_Roughness.png
  artifactKey: Guid(d5e552b631acad04a9179fc99030322d) Importer(815301076,1909f56bfc062723c751e8b465ee728b)
Start importing Assets/pipe/DefaultMaterial_Roughness.png using Guid(d5e552b631acad04a9179fc99030322d) Importer(815301076,1909f56bfc062723c751e8b465ee728b)  -> (artifact id: 'd10f4c92d76e344be59b10a5af814f70') in 0.026552 seconds
  Import took 0.033933 seconds .

========================================================================
Received Import Request.
  Time since last request: 7.857799 seconds.
  path: Assets/platform
  artifactKey: Guid(6648f30bcea52524cbcff5a5c1a0de34) Importer(815301076,1909f56bfc062723c751e8b465ee728b)
Start importing Assets/platform using Guid(6648f30bcea52524cbcff5a5c1a0de34) Importer(815301076,1909f56bfc062723c751e8b465ee728b)  -> (artifact id: '00bbbbe86d5e95147bf00eae1137fa09') in 0.008513 seconds
  Import took 0.014634 seconds .

========================================================================
Received Import Request.
  Time since last request: 0.074641 seconds.
  path: Assets/platform/_ntitled 4.fbx
  artifactKey: Guid(8d28e3119d02e08419734c59a8ee6dad) Importer(815301076,1909f56bfc062723c751e8b465ee728b)
Start importing Assets/platform/_ntitled 4.fbx using Guid(8d28e3119d02e08419734c59a8ee6dad) Importer(815301076,1909f56bfc062723c751e8b465ee728b)  -> (artifact id: 'f8efd4d29def9700251c216b4d51f69f') in 0.042002 seconds
  Import took 0.047985 seconds .

========================================================================
Received Import Request.
  Time since last request: 0.120878 seconds.
  path: Assets/platform/DefaultMaterial_Base_Color 2.png
  artifactKey: Guid(e20ea96de2a054c43bf74c67b8728c9b) Importer(815301076,1909f56bfc062723c751e8b465ee728b)
Start importing Assets/platform/DefaultMaterial_Base_Color 2.png using Guid(e20ea96de2a054c43bf74c67b8728c9b) Importer(815301076,1909f56bfc062723c751e8b465ee728b)  -> (artifact id: '2beecd05633180cde309790dd07e9eb3') in 0.037848 seconds
  Import took 0.047170 seconds .

========================================================================
Received Import Request.
  Time since last request: 0.000825 seconds.
  path: Assets/platform/DefaultMaterial_Roughness 1.png
  artifactKey: Guid(349e0d6fa443e8d469f064304b4e7e4f) Importer(815301076,1909f56bfc062723c751e8b465ee728b)
Start importing Assets/platform/DefaultMaterial_Roughness 1.png using Guid(349e0d6fa443e8d469f064304b4e7e4f) Importer(815301076,1909f56bfc062723c751e8b465ee728b)  -> (artifact id: '19b055ac04982e67d5eb42b973979e87') in 0.022241 seconds
  Import took 0.029556 seconds .

========================================================================
Received Import Request.
  Time since last request: 0.000794 seconds.
  path: Assets/platform/DefaultMaterial_Metallic 1.png
  artifactKey: Guid(61d943ca6c92250409a25eb082b8c763) Importer(815301076,1909f56bfc062723c751e8b465ee728b)
Start importing Assets/platform/DefaultMaterial_Metallic 1.png using Guid(61d943ca6c92250409a25eb082b8c763) Importer(815301076,1909f56bfc062723c751e8b465ee728b)  -> (artifact id: '2bd9ebf09f6595b4fc0e825a506137fd') in 0.025933 seconds
  Import took 0.031886 seconds .

========================================================================
Received Import Request.
  Time since last request: 0.000559 seconds.
  path: Assets/platform/DefaultMaterial_Base_Color.png
  artifactKey: Guid(22717806e1358ad4f897505a770dd085) Importer(815301076,1909f56bfc062723c751e8b465ee728b)
Start importing Assets/platform/DefaultMaterial_Base_Color.png using Guid(22717806e1358ad4f897505a770dd085) Importer(815301076,1909f56bfc062723c751e8b465ee728b)  -> (artifact id: 'b036d8e7a1547475e29d4b967bf08747') in 0.028405 seconds
  Import took 0.034508 seconds .

========================================================================
Received Import Request.
  Time since last request: 0.000582 seconds.
  path: Assets/platform/DefaultMaterial_Height 1.png
  artifactKey: Guid(33eab2ba5127bc74f8639d00f4c3d6b1) Importer(815301076,1909f56bfc062723c751e8b465ee728b)
Start importing Assets/platform/DefaultMaterial_Height 1.png using Guid(33eab2ba5127bc74f8639d00f4c3d6b1) Importer(815301076,1909f56bfc062723c751e8b465ee728b)  -> (artifact id: 'bea44ffb060ea1fd368ba5f940f8301c') in 0.028328 seconds
  Import took 0.040308 seconds .

========================================================================
Received Import Request.
  Time since last request: 0.000635 seconds.
  path: Assets/platform/DefaultMaterial_Metallic.png
  artifactKey: Guid(a3c83f18ee918534c88b55cff8ac72fd) Importer(815301076,1909f56bfc062723c751e8b465ee728b)
Start importing Assets/platform/DefaultMaterial_Metallic.png using Guid(a3c83f18ee918534c88b55cff8ac72fd) Importer(815301076,1909f56bfc062723c751e8b465ee728b)  -> (artifact id: '196b6e7378ef7d4016822c0b7d50f54b') in 0.026602 seconds
  Import took 0.033727 seconds .

========================================================================
Received Import Request.
  Time since last request: 0.000526 seconds.
  path: Assets/platform/DefaultMaterial_Roughness.png
  artifactKey: Guid(5519924663e9c48438a40ee529c880bc) Importer(815301076,1909f56bfc062723c751e8b465ee728b)
Start importing Assets/platform/DefaultMaterial_Roughness.png using Guid(5519924663e9c48438a40ee529c880bc) Importer(815301076,1909f56bfc062723c751e8b465ee728b)  -> (artifact id: 'ac517e6723198b9e1ad73372598ecf29') in 0.024513 seconds
  Import took 0.032049 seconds .

========================================================================
Received Import Request.
  Time since last request: 0.000671 seconds.
  path: Assets/platform/DefaultMaterial_Normal 1.png
  artifactKey: Guid(f5a3e03fea71b584a9276f3ffa788656) Importer(815301076,1909f56bfc062723c751e8b465ee728b)
Start importing Assets/platform/DefaultMaterial_Normal 1.png using Guid(f5a3e03fea71b584a9276f3ffa788656) Importer(815301076,1909f56bfc062723c751e8b465ee728b)  -> (artifact id: '3195c5e589f59bd7ab9d4624eb1ce8d2') in 0.024349 seconds
  Import took 0.030279 seconds .

========================================================================
Received Import Request.
  Time since last request: 0.000521 seconds.
  path: Assets/platform/DefaultMaterial_Normal_OpenGL.png
  artifactKey: Guid(2c02c8754004b924f9283a9307fdcc59) Importer(815301076,1909f56bfc062723c751e8b465ee728b)
Start importing Assets/platform/DefaultMaterial_Normal_OpenGL.png using Guid(2c02c8754004b924f9283a9307fdcc59) Importer(815301076,1909f56bfc062723c751e8b465ee728b)  -> (artifact id: '5ee0da24363ebc5ae56598ca1adcfe60') in 0.032083 seconds
  Import took 0.038934 seconds .

========================================================================
Received Import Request.
  Time since last request: 0.000539 seconds.
  path: Assets/platform/DefaultMaterial_Height.png
  artifactKey: Guid(43d08304378cd1e4db1cf34073fae56a) Importer(815301076,1909f56bfc062723c751e8b465ee728b)
Start importing Assets/platform/DefaultMaterial_Height.png using Guid(43d08304378cd1e4db1cf34073fae56a) Importer(815301076,1909f56bfc062723c751e8b465ee728b)  -> (artifact id: 'ac7566ac4db5fcd4423072552aa1e827') in 0.025585 seconds
  Import took 0.030975 seconds .

========================================================================
Received Import Request.
  Time since last request: 0.000658 seconds.
  path: Assets/platform/New Material.mat
  artifactKey: Guid(92c809e3a89d5334293a4f8b7b516fde) Importer(815301076,1909f56bfc062723c751e8b465ee728b)
Start importing Assets/platform/New Material.mat using Guid(92c809e3a89d5334293a4f8b7b516fde) Importer(815301076,1909f56bfc062723c751e8b465ee728b)  -> (artifact id: '2ff26e089cda589c3359e10638e8382b') in 0.084857 seconds
  Import took 0.093697 seconds .

========================================================================
Received Import Request.
  Time since last request: 0.000550 seconds.
  path: Assets/platform/DefaultMaterial_Normal.png
  artifactKey: Guid(3efb470c7e717d845844b8db98a2196b) Importer(815301076,1909f56bfc062723c751e8b465ee728b)
Start importing Assets/platform/DefaultMaterial_Normal.png using Guid(3efb470c7e717d845844b8db98a2196b) Importer(815301076,1909f56bfc062723c751e8b465ee728b)  -> (artifact id: '0276e9c455b0934a958666e493a1e3f7') in 0.023154 seconds
  Import took 0.029781 seconds .

========================================================================
Received Import Request.
  Time since last request: 0.001087 seconds.
  path: Assets/platform/DefaultMaterial_Normal_OpenGL 1.png
  artifactKey: Guid(c0b215e4ba49e7f409882372a2f2bccc) Importer(815301076,1909f56bfc062723c751e8b465ee728b)
Start importing Assets/platform/DefaultMaterial_Normal_OpenGL 1.png using Guid(c0b215e4ba49e7f409882372a2f2bccc) Importer(815301076,1909f56bfc062723c751e8b465ee728b)  -> (artifact id: '94e4d70a326d3dad47d567d8b58f96f2') in 0.024258 seconds
  Import took 0.030145 seconds .

========================================================================
Received Import Request.
  Time since last request: 186.583403 seconds.
  path: Assets/Prefabs/pipe.prefab
  artifactKey: Guid(a8e21fd58ac6cd0469e40680c4e9ae34) Importer(815301076,1909f56bfc062723c751e8b465ee728b)
Start importing Assets/Prefabs/pipe.prefab using Guid(a8e21fd58ac6cd0469e40680c4e9ae34) Importer(815301076,1909f56bfc062723c751e8b465ee728b)  -> (artifact id: '5254c383f93e61935b1f00e3284661c3') in 0.056218 seconds
  Import took 0.062736 seconds .

========================================================================
Received Import Request.
  Time since last request: 3.377999 seconds.
  path: Assets/Prefabs/Platform 2.prefab
  artifactKey: Guid(45166a4218a572242a4080600abb231e) Importer(815301076,1909f56bfc062723c751e8b465ee728b)
Start importing Assets/Prefabs/Platform 2.prefab using Guid(45166a4218a572242a4080600abb231e) Importer(815301076,1909f56bfc062723c751e8b465ee728b)  -> (artifact id: '985e2e2e6c1a6abfba78ea8c7308611c') in 0.092898 seconds
  Import took 0.099755 seconds .

========================================================================
Received Import Request.
  Time since last request: 0.009874 seconds.
  path: Assets/Prefabs/Platform 2.prefab
  artifactKey: Guid(45166a4218a572242a4080600abb231e) Importer(815301076,1909f56bfc062723c751e8b465ee728b)
Start importing Assets/Prefabs/Platform 2.prefab using Guid(45166a4218a572242a4080600abb231e) Importer(815301076,1909f56bfc062723c751e8b465ee728b)  -> (artifact id: '985e2e2e6c1a6abfba78ea8c7308611c') in 0.036541 seconds
  Import took 0.042909 seconds .

========================================================================
Received Import Request.
  Time since last request: 3.423103 seconds.
  path: Assets/Prefabs/Platform 1.prefab
  artifactKey: Guid(007c31f29cdb0b14b8cf53d8365d94f1) Importer(815301076,1909f56bfc062723c751e8b465ee728b)
Start importing Assets/Prefabs/Platform 1.prefab using Guid(007c31f29cdb0b14b8cf53d8365d94f1) Importer(815301076,1909f56bfc062723c751e8b465ee728b)  -> (artifact id: '191a2bc92214bfe2a7365a1bbe3650d1') in 0.059442 seconds
  Import took 0.066818 seconds .

========================================================================
Received Import Request.
  Time since last request: 0.013891 seconds.
  path: Assets/Prefabs/Platform 1.prefab
  artifactKey: Guid(007c31f29cdb0b14b8cf53d8365d94f1) Importer(815301076,1909f56bfc062723c751e8b465ee728b)
Start importing Assets/Prefabs/Platform 1.prefab using Guid(007c31f29cdb0b14b8cf53d8365d94f1) Importer(815301076,1909f56bfc062723c751e8b465ee728b)  -> (artifact id: '191a2bc92214bfe2a7365a1bbe3650d1') in 0.145720 seconds
  Import took 0.151929 seconds .

========================================================================
Received Import Request.
  Time since last request: 6.715452 seconds.
  path: Assets/Scenes/TomerScene.unity
  artifactKey: Guid(e72cb543f964b204599b48ad27a6866c) Importer(815301076,1909f56bfc062723c751e8b465ee728b)
Start importing Assets/Scenes/TomerScene.unity using Guid(e72cb543f964b204599b48ad27a6866c) Importer(815301076,1909f56bfc062723c751e8b465ee728b)  -> (artifact id: '19aa2aa55459335e10a9c93f3ded6e7d') in 0.009836 seconds
  Import took 0.016413 seconds .

========================================================================
Received Import Request.
  Time since last request: 130.641700 seconds.
  path: Assets/Directional Light.prefab
  artifactKey: Guid(54747071e993d954eaa46be0d8a9b90a) Importer(815301076,1909f56bfc062723c751e8b465ee728b)
Start importing Assets/Directional Light.prefab using Guid(54747071e993d954eaa46be0d8a9b90a) Importer(815301076,1909f56bfc062723c751e8b465ee728b)  -> (artifact id: '52cbbaa4352b2f104e5b9c532d137b16') in 0.012143 seconds
  Import took 0.019048 seconds .

========================================================================
Received Import Request.
  Time since last request: 833.246583 seconds.
  path: Assets/Prefabs/Platform 2.prefab
  artifactKey: Guid(45166a4218a572242a4080600abb231e) Importer(815301076,1909f56bfc062723c751e8b465ee728b)
Start importing Assets/Prefabs/Platform 2.prefab using Guid(45166a4218a572242a4080600abb231e) Importer(815301076,1909f56bfc062723c751e8b465ee728b)  -> (artifact id: '9362dd72a8467bf5069640dd42feaae9') in 0.051818 seconds
  Import took 0.059635 seconds .

========================================================================
Received Import Request.
  Time since last request: 0.015840 seconds.
  path: Assets/Prefabs/Platform 2.prefab
  artifactKey: Guid(45166a4218a572242a4080600abb231e) Importer(815301076,1909f56bfc062723c751e8b465ee728b)
Start importing Assets/Prefabs/Platform 2.prefab using Guid(45166a4218a572242a4080600abb231e) Importer(815301076,1909f56bfc062723c751e8b465ee728b)  -> (artifact id: '9362dd72a8467bf5069640dd42feaae9') in 0.038713 seconds
  Import took 0.045382 seconds .

========================================================================
Received Import Request.
  Time since last request: 60.647942 seconds.
  path: Assets/Prefabs/Platform 1.prefab
  artifactKey: Guid(007c31f29cdb0b14b8cf53d8365d94f1) Importer(815301076,1909f56bfc062723c751e8b465ee728b)
Start importing Assets/Prefabs/Platform 1.prefab using Guid(007c31f29cdb0b14b8cf53d8365d94f1) Importer(815301076,1909f56bfc062723c751e8b465ee728b)  -> (artifact id: '8abe93ef79241c5f58a1c3d69e6b23bf') in 0.056082 seconds
  Import took 0.085644 seconds .

========================================================================
Received Prepare
Registering precompiled user dll's ...
Registered in 0.004052 seconds.
Begin MonoManager ReloadAssembly
Native extension for LinuxStandalone target not found
Native extension for WindowsStandalone target not found
Native extension for OSXStandalone target not found
Native extension for WebGL target not found
Refreshing native plugins compatible for Editor in 0.60 ms, found 1 plugins.
Preloading 0 native plugins for Editor in 0.00 ms.
Invoked RoslynAnalysisRunner static constructor.
RoslynAnalysisRunner will not be running.
RoslynAnalysisRunner has terminated.
Mono: successfully reloaded assembly
- Completed reload, in  2.042 seconds
Platform modules already initialized, skipping
Refreshing native plugins compatible for Editor in 0.56 ms, found 1 plugins.
Preloading 0 native plugins for Editor in 0.00 ms.
Unloading 1764 Unused Serialized files (Serialized files now loaded: 0)
System memory in use before: 87.6 MB.
System memory in use after: 87.8 MB.

Unloading 7 unused Assets to reduce memory usage. Loaded Objects now: 2275.
Total: 3.550700 ms (FindLiveObjects: 0.416100 ms CreateObjectMapping: 0.237700 ms MarkObjects: 2.868800 ms  DeleteObjects: 0.026200 ms)

========================================================================
Received Import Request.
  Time since last request: 108.696865 seconds.
  path: Assets/Prefabs/Platform 1.prefab
  artifactKey: Guid(007c31f29cdb0b14b8cf53d8365d94f1) Importer(815301076,1909f56bfc062723c751e8b465ee728b)
Start importing Assets/Prefabs/Platform 1.prefab using Guid(007c31f29cdb0b14b8cf53d8365d94f1) Importer(815301076,1909f56bfc062723c751e8b465ee728b)  -> (artifact id: '77a30a5f977cf7459f1ec29dd77100f6') in 0.155964 seconds
  Import took 0.164387 seconds .

========================================================================
Received Prepare
Registering precompiled user dll's ...
Registered in 0.002335 seconds.
Begin MonoManager ReloadAssembly
Native extension for LinuxStandalone target not found
Native extension for WindowsStandalone target not found
Native extension for OSXStandalone target not found
Native extension for WebGL target not found
Refreshing native plugins compatible for Editor in 0.58 ms, found 1 plugins.
Preloading 0 native plugins for Editor in 0.00 ms.
Invoked RoslynAnalysisRunner static constructor.
RoslynAnalysisRunner will not be running.
RoslynAnalysisRunner has terminated.
Mono: successfully reloaded assembly
- Completed reload, in  1.922 seconds
Platform modules already initialized, skipping
Refreshing native plugins compatible for Editor in 0.67 ms, found 1 plugins.
Preloading 0 native plugins for Editor in 0.00 ms.
Unloading 1764 Unused Serialized files (Serialized files now loaded: 0)
System memory in use before: 88.0 MB.
System memory in use after: 88.1 MB.

Unloading 7 unused Assets to reduce memory usage. Loaded Objects now: 2279.
Total: 4.563400 ms (FindLiveObjects: 0.525400 ms CreateObjectMapping: 0.213600 ms MarkObjects: 3.784000 ms  DeleteObjects: 0.038000 ms)

========================================================================
Received Prepare
Registering precompiled user dll's ...
Registered in 0.002808 seconds.
Begin MonoManager ReloadAssembly
Native extension for LinuxStandalone target not found
Native extension for WindowsStandalone target not found
Native extension for OSXStandalone target not found
Native extension for WebGL target not found
Refreshing native plugins compatible for Editor in 0.55 ms, found 1 plugins.
Preloading 0 native plugins for Editor in 0.00 ms.
Invoked RoslynAnalysisRunner static constructor.
RoslynAnalysisRunner will not be running.
RoslynAnalysisRunner has terminated.
Mono: successfully reloaded assembly
- Completed reload, in  2.154 seconds
Platform modules already initialized, skipping
Refreshing native plugins compatible for Editor in 1.03 ms, found 1 plugins.
Preloading 0 native plugins for Editor in 0.00 ms.
Unloading 1764 Unused Serialized files (Serialized files now loaded: 0)
System memory in use before: 88.2 MB.
System memory in use after: 88.3 MB.

Unloading 7 unused Assets to reduce memory usage. Loaded Objects now: 2282.
Total: 4.040500 ms (FindLiveObjects: 0.550700 ms CreateObjectMapping: 0.307600 ms MarkObjects: 3.151700 ms  DeleteObjects: 0.027800 ms)

========================================================================
Received Prepare
Registering precompiled user dll's ...
Registered in 0.002340 seconds.
Begin MonoManager ReloadAssembly
Native extension for LinuxStandalone target not found
Native extension for WindowsStandalone target not found
Native extension for OSXStandalone target not found
Native extension for WebGL target not found
Refreshing native plugins compatible for Editor in 0.60 ms, found 1 plugins.
Preloading 0 native plugins for Editor in 0.00 ms.
Invoked RoslynAnalysisRunner static constructor.
RoslynAnalysisRunner will not be running.
RoslynAnalysisRunner has terminated.
Mono: successfully reloaded assembly
- Completed reload, in  2.154 seconds
Platform modules already initialized, skipping
Refreshing native plugins compatible for Editor in 0.62 ms, found 1 plugins.
Preloading 0 native plugins for Editor in 0.00 ms.
Unloading 1764 Unused Serialized files (Serialized files now loaded: 0)
System memory in use before: 88.5 MB.
System memory in use after: 88.6 MB.

Unloading 7 unused Assets to reduce memory usage. Loaded Objects now: 2285.
Total: 3.260200 ms (FindLiveObjects: 0.352900 ms CreateObjectMapping: 0.138500 ms MarkObjects: 2.741000 ms  DeleteObjects: 0.026100 ms)

========================================================================
Received Prepare
Registering precompiled user dll's ...
Registered in 0.002432 seconds.
Begin MonoManager ReloadAssembly
Native extension for LinuxStandalone target not found
Native extension for WindowsStandalone target not found
Native extension for OSXStandalone target not found
Native extension for WebGL target not found
Refreshing native plugins compatible for Editor in 0.57 ms, found 1 plugins.
Preloading 0 native plugins for Editor in 0.00 ms.
Invoked RoslynAnalysisRunner static constructor.
RoslynAnalysisRunner will not be running.
RoslynAnalysisRunner has terminated.
Mono: successfully reloaded assembly
- Completed reload, in  2.562 seconds
Platform modules already initialized, skipping
Refreshing native plugins compatible for Editor in 0.56 ms, found 1 plugins.
Preloading 0 native plugins for Editor in 0.00 ms.
Unloading 1764 Unused Serialized files (Serialized files now loaded: 0)
System memory in use before: 88.8 MB.
System memory in use after: 88.9 MB.

Unloading 7 unused Assets to reduce memory usage. Loaded Objects now: 2288.
Total: 3.495600 ms (FindLiveObjects: 0.325400 ms CreateObjectMapping: 0.138300 ms MarkObjects: 3.001600 ms  DeleteObjects: 0.028600 ms)

========================================================================
Received Prepare
Registering precompiled user dll's ...
Registered in 0.002325 seconds.
Begin MonoManager ReloadAssembly
Native extension for LinuxStandalone target not found
Native extension for WindowsStandalone target not found
Native extension for OSXStandalone target not found
Native extension for WebGL target not found
Refreshing native plugins compatible for Editor in 0.75 ms, found 1 plugins.
Preloading 0 native plugins for Editor in 0.00 ms.
Invoked RoslynAnalysisRunner static constructor.
RoslynAnalysisRunner will not be running.
RoslynAnalysisRunner has terminated.
Mono: successfully reloaded assembly
- Completed reload, in  2.461 seconds
Platform modules already initialized, skipping
Refreshing native plugins compatible for Editor in 0.57 ms, found 1 plugins.
Preloading 0 native plugins for Editor in 0.00 ms.
Unloading 1764 Unused Serialized files (Serialized files now loaded: 0)
System memory in use before: 89.1 MB.
System memory in use after: 89.2 MB.

Unloading 7 unused Assets to reduce memory usage. Loaded Objects now: 2291.
Total: 4.159300 ms (FindLiveObjects: 0.555400 ms CreateObjectMapping: 0.221000 ms MarkObjects: 3.351600 ms  DeleteObjects: 0.029200 ms)

========================================================================
Received Prepare
Registering precompiled user dll's ...
Registered in 0.001362 seconds.
Begin MonoManager ReloadAssembly
Native extension for LinuxStandalone target not found
Native extension for WindowsStandalone target not found
Native extension for OSXStandalone target not found
Native extension for WebGL target not found
Refreshing native plugins compatible for Editor in 0.59 ms, found 1 plugins.
Preloading 0 native plugins for Editor in 0.00 ms.
Invoked RoslynAnalysisRunner static constructor.
RoslynAnalysisRunner will not be running.
RoslynAnalysisRunner has terminated.
Mono: successfully reloaded assembly
- Completed reload, in  1.581 seconds
Platform modules already initialized, skipping
Refreshing native plugins compatible for Editor in 0.35 ms, found 1 plugins.
Preloading 0 native plugins for Editor in 0.00 ms.
Unloading 1764 Unused Serialized files (Serialized files now loaded: 0)
System memory in use before: 89.2 MB.
System memory in use after: 89.3 MB.

Unloading 7 unused Assets to reduce memory usage. Loaded Objects now: 2294.
Total: 2.007800 ms (FindLiveObjects: 0.204100 ms CreateObjectMapping: 0.067900 ms MarkObjects: 1.718400 ms  DeleteObjects: 0.016100 ms)

========================================================================
Received Prepare
Registering precompiled user dll's ...
Registered in 0.002797 seconds.
Begin MonoManager ReloadAssembly
Native extension for LinuxStandalone target not found
Native extension for WindowsStandalone target not found
Native extension for OSXStandalone target not found
Native extension for WebGL target not found
Refreshing native plugins compatible for Editor in 0.57 ms, found 1 plugins.
Preloading 0 native plugins for Editor in 0.00 ms.
Invoked RoslynAnalysisRunner static constructor.
RoslynAnalysisRunner will not be running.
RoslynAnalysisRunner has terminated.
Mono: successfully reloaded assembly
- Completed reload, in  1.903 seconds
Platform modules already initialized, skipping
Refreshing native plugins compatible for Editor in 0.56 ms, found 1 plugins.
Preloading 0 native plugins for Editor in 0.00 ms.
Unloading 1764 Unused Serialized files (Serialized files now loaded: 0)
System memory in use before: 88.6 MB.
System memory in use after: 88.7 MB.

Unloading 7 unused Assets to reduce memory usage. Loaded Objects now: 2297.
Total: 4.959800 ms (FindLiveObjects: 0.591000 ms CreateObjectMapping: 0.204100 ms MarkObjects: 4.122100 ms  DeleteObjects: 0.040300 ms)

========================================================================
Received Import Request.
  Time since last request: 2951.425090 seconds.
  path: Assets/NewUnlitShader.shader
  artifactKey: Guid(a91d08622dcb9ab48bc60b52f81cf6e6) Importer(815301076,1909f56bfc062723c751e8b465ee728b)
Start importing Assets/NewUnlitShader.shader using Guid(a91d08622dcb9ab48bc60b52f81cf6e6) Importer(815301076,1909f56bfc062723c751e8b465ee728b)  -> (artifact id: '831888350ccbd8defa3c252687fd4528') in 0.033423 seconds
  Import took 0.038199 seconds .

========================================================================
Received Prepare
Registering precompiled user dll's ...
Registered in 0.003999 seconds.
Begin MonoManager ReloadAssembly
Native extension for LinuxStandalone target not found
Native extension for WindowsStandalone target not found
Native extension for OSXStandalone target not found
Native extension for WebGL target not found
Refreshing native plugins compatible for Editor in 0.58 ms, found 1 plugins.
Preloading 0 native plugins for Editor in 0.00 ms.
Invoked RoslynAnalysisRunner static constructor.
RoslynAnalysisRunner will not be running.
RoslynAnalysisRunner has terminated.
Mono: successfully reloaded assembly
- Completed reload, in  2.758 seconds
Platform modules already initialized, skipping
Refreshing native plugins compatible for Editor in 1.68 ms, found 1 plugins.
Preloading 0 native plugins for Editor in 0.00 ms.
Unloading 1764 Unused Serialized files (Serialized files now loaded: 0)
System memory in use before: 88.9 MB.
System memory in use after: 89.0 MB.

Unloading 7 unused Assets to reduce memory usage. Loaded Objects now: 2300.
Total: 3.691500 ms (FindLiveObjects: 0.305300 ms CreateObjectMapping: 0.128800 ms MarkObjects: 3.227400 ms  DeleteObjects: 0.028300 ms)

========================================================================
Received Import Request.
  Time since last request: 97.101761 seconds.
  path: Assets/Wall/Wall.mat
  artifactKey: Guid(d2e37f6b6f9346d40a05cb0eb3aa2c2f) Importer(815301076,1909f56bfc062723c751e8b465ee728b)
Start importing Assets/Wall/Wall.mat using Guid(d2e37f6b6f9346d40a05cb0eb3aa2c2f) Importer(815301076,1909f56bfc062723c751e8b465ee728b)  -> (artifact id: 'c98e88ccd26a618735d701e0be51b787') in 0.531242 seconds
  Import took 0.567663 seconds .

========================================================================
Received Import Request.
  Time since last request: 0.000489 seconds.
  path: Assets/Materials/PlatformMaterial.mat
  artifactKey: Guid(3692e8f88a515874a8f87119a82abe4c) Importer(815301076,1909f56bfc062723c751e8b465ee728b)
Start importing Assets/Materials/PlatformMaterial.mat using Guid(3692e8f88a515874a8f87119a82abe4c) Importer(815301076,1909f56bfc062723c751e8b465ee728b)  -> (artifact id: 'eee3a4d5ed1929e0e81054ff063945dd') in 0.053645 seconds
  Import took 0.060234 seconds .

========================================================================
Received Import Request.
  Time since last request: 0.000558 seconds.
  path: Assets/top/_op.fbx
  artifactKey: Guid(f805dd5d0471a7e428cae1b74b1b0e48) Importer(815301076,1909f56bfc062723c751e8b465ee728b)
Start importing Assets/top/_op.fbx using Guid(f805dd5d0471a7e428cae1b74b1b0e48) Importer(815301076,1909f56bfc062723c751e8b465ee728b)  -> (artifact id: 'c5b83485a8a5d5f238ffe33f5f54e09a') in 0.087950 seconds
  Import took 0.165729 seconds .

========================================================================
Received Import Request.
  Time since last request: 0.000835 seconds.
  path: Assets/Base/_ntitled 3.fbx
  artifactKey: Guid(c695a79dfbe0419468a9e09e312fb966) Importer(815301076,1909f56bfc062723c751e8b465ee728b)
Start importing Assets/Base/_ntitled 3.fbx using Guid(c695a79dfbe0419468a9e09e312fb966) Importer(815301076,1909f56bfc062723c751e8b465ee728b)  -> (artifact id: '4a6cc05713b1f5636df3effe05fd19f0') in 0.038499 seconds
  Import took 0.208143 seconds .

========================================================================
Received Import Request.
  Time since last request: 0.000617 seconds.
  path: Assets/top/New Material.mat
  artifactKey: Guid(f2caaf93f18a9c446bf92d4a4be66534) Importer(815301076,1909f56bfc062723c751e8b465ee728b)
Start importing Assets/top/New Material.mat using Guid(f2caaf93f18a9c446bf92d4a4be66534) Importer(815301076,1909f56bfc062723c751e8b465ee728b)  -> (artifact id: 'f4cd0532069989c2e838e7a7a514bde7') in 0.048184 seconds
  Import took 0.176545 seconds .

========================================================================
Received Import Request.
  Time since last request: 0.240162 seconds.
  path: Assets/Base/New Material.mat
  artifactKey: Guid(2167488dcc51f364dab52859b4f011be) Importer(815301076,1909f56bfc062723c751e8b465ee728b)
Start importing Assets/Base/New Material.mat using Guid(2167488dcc51f364dab52859b4f011be) Importer(815301076,1909f56bfc062723c751e8b465ee728b)  -> (artifact id: 'b8f8aeec6d6f68b2c8ab229c55381380') in 0.032117 seconds
  Import took 0.323732 seconds .

========================================================================
Received Prepare
Registering precompiled user dll's ...
Registered in 0.003693 seconds.
Begin MonoManager ReloadAssembly
Native extension for LinuxStandalone target not found
Native extension for WindowsStandalone target not found
Native extension for OSXStandalone target not found
Native extension for WebGL target not found
Refreshing native plugins compatible for Editor in 0.56 ms, found 1 plugins.
Preloading 0 native plugins for Editor in 0.00 ms.
Invoked RoslynAnalysisRunner static constructor.
RoslynAnalysisRunner will not be running.
RoslynAnalysisRunner has terminated.
Mono: successfully reloaded assembly
- Completed reload, in  2.697 seconds
Platform modules already initialized, skipping
Refreshing native plugins compatible for Editor in 0.68 ms, found 1 plugins.
Preloading 0 native plugins for Editor in 0.00 ms.
Unloading 1764 Unused Serialized files (Serialized files now loaded: 0)
System memory in use before: 89.2 MB.
System memory in use after: 89.4 MB.

Unloading 7 unused Assets to reduce memory usage. Loaded Objects now: 2304.
Total: 3.830800 ms (FindLiveObjects: 0.330300 ms CreateObjectMapping: 0.135100 ms MarkObjects: 3.334500 ms  DeleteObjects: 0.028900 ms)

========================================================================
Received Import Request.
  Time since last request: 67.843428 seconds.
  path: Assets/Materials
  artifactKey: Guid(b5c1844e4c541904c800d835e25f36be) Importer(815301076,1909f56bfc062723c751e8b465ee728b)
Start importing Assets/Materials using Guid(b5c1844e4c541904c800d835e25f36be) Importer(815301076,1909f56bfc062723c751e8b465ee728b)  -> (artifact id: '9fb93c67f81bd28c281e97e139491d46') in 0.013000 seconds
  Import took 0.136544 seconds .

========================================================================
Received Prepare
Registering precompiled user dll's ...
Registered in 0.002553 seconds.
Begin MonoManager ReloadAssembly
Native extension for LinuxStandalone target not found
Native extension for WindowsStandalone target not found
Native extension for OSXStandalone target not found
Native extension for WebGL target not found
Refreshing native plugins compatible for Editor in 0.57 ms, found 1 plugins.
Preloading 0 native plugins for Editor in 0.00 ms.
Invoked RoslynAnalysisRunner static constructor.
RoslynAnalysisRunner will not be running.
RoslynAnalysisRunner has terminated.
Mono: successfully reloaded assembly
- Completed reload, in  2.591 seconds
Platform modules already initialized, skipping
Refreshing native plugins compatible for Editor in 0.56 ms, found 1 plugins.
Preloading 0 native plugins for Editor in 0.00 ms.
Unloading 1764 Unused Serialized files (Serialized files now loaded: 0)
System memory in use before: 89.3 MB.
System memory in use after: 89.4 MB.

Unloading 7 unused Assets to reduce memory usage. Loaded Objects now: 2307.
Total: 3.379300 ms (FindLiveObjects: 0.319100 ms CreateObjectMapping: 0.167300 ms MarkObjects: 2.844100 ms  DeleteObjects: 0.046600 ms)

========================================================================
Received Prepare
Registering precompiled user dll's ...
Registered in 0.002622 seconds.
Begin MonoManager ReloadAssembly
Native extension for LinuxStandalone target not found
Native extension for WindowsStandalone target not found
Native extension for OSXStandalone target not found
Native extension for WebGL target not found
Refreshing native plugins compatible for Editor in 0.59 ms, found 1 plugins.
Preloading 0 native plugins for Editor in 0.00 ms.
Invoked RoslynAnalysisRunner static constructor.
RoslynAnalysisRunner will not be running.
RoslynAnalysisRunner has terminated.
Mono: successfully reloaded assembly
- Completed reload, in  2.439 seconds
Platform modules already initialized, skipping
Refreshing native plugins compatible for Editor in 0.57 ms, found 1 plugins.
Preloading 0 native plugins for Editor in 0.00 ms.
Unloading 1764 Unused Serialized files (Serialized files now loaded: 0)
System memory in use before: 88.8 MB.
System memory in use after: 88.9 MB.

Unloading 7 unused Assets to reduce memory usage. Loaded Objects now: 2310.
Total: 3.737900 ms (FindLiveObjects: 0.481700 ms CreateObjectMapping: 0.173000 ms MarkObjects: 3.054200 ms  DeleteObjects: 0.026700 ms)

AssetImportWorkerClient::OnTransportError - code=2 error=End of file
